2015/09/17 07:19:48 [error] [exception.CDbException] exception 'CDbException' with message 'CDbConnection failed to open the DB connection: SQLSTATE[42000] [1049] Unknown database 'myapp'' in D:\wamp\www\framework\db\CDbConnection.php:399
Stack trace:
#0 D:\wamp\www\framework\db\CDbConnection.php(347): CDbConnection->open()
#1 D:\wamp\www\framework\db\CDbConnection.php(325): CDbConnection->setActive(true)
#2 D:\wamp\www\framework\base\CModule.php(394): CDbConnection->init()
#3 D:\wamp\www\framework\base\CModule.php(103): CModule->getComponent('db')
#4 D:\wamp\www\framework\gii\generators\crud\CrudCode.php(44): CModule->__get('db')
#5 D:\wamp\www\framework\web\CFormModel.php(39): CrudCode->init()
#6 D:\wamp\www\framework\gii\CCodeGenerator.php(153): CFormModel->__construct()
#7 D:\wamp\www\framework\gii\CCodeGenerator.php(63): CCodeGenerator->prepare()
#8 D:\wamp\www\framework\web\actions\CInlineAction.php(49): CCodeGenerator->actionIndex()
#9 D:\wamp\www\framework\web\CController.php(308): CInlineAction->runWithParams(Array)
#10 D:\wamp\www\framework\web\CController.php(286): CController->runAction(Object(CInlineAction))
#11 D:\wamp\www\framework\web\CController.php(265): CController->runActionWithFilters(Object(CInlineAction), Array)
#12 D:\wamp\www\framework\web\CWebApplication.php(282): CController->run('index')
#13 D:\wamp\www\framework\web\CWebApplication.php(141): CWebApplication->runController('gii/crud/index')
#14 D:\wamp\www\framework\base\CApplication.php(184): CWebApplication->processRequest()
#15 D:\wamp\www\myapp\index.php(13): CApplication->run()
#16 {main}
REQUEST_URI=/myapp/gii/crud/index
HTTP_REFERER=http://localhost/myapp/gii/form/index
---
